<?xml version="1.0" encoding="UTF-8"?>
<coverage generated="1744623546">
  <project timestamp="1744623546">
    <package name="Container">
      <file name="C:\var\vulpes\container\src\Container.php">
        <class name="Container\Container" namespace="Container">
          <metrics complexity="62" methods="13" coveredmethods="13" conditionals="0" coveredconditionals="0" statements="87" coveredstatements="87" elements="100" coveredelements="100"/>
        </class>
        <line num="19" type="method" name="__construct" visibility="public" complexity="1" crap="1" count="26"/>
        <line num="21" type="stmt" count="26"/>
        <line num="23" type="method" name="get" visibility="public" complexity="9" crap="9" count="19"/>
        <line num="26" type="stmt" count="19"/>
        <line num="27" type="stmt" count="1"/>
        <line num="31" type="stmt" count="19"/>
        <line num="32" type="stmt" count="8"/>
        <line num="36" type="stmt" count="16"/>
        <line num="37" type="stmt" count="1"/>
        <line num="41" type="stmt" count="15"/>
        <line num="42" type="stmt" count="12"/>
        <line num="46" type="stmt" count="5"/>
        <line num="47" type="stmt" count="1"/>
        <line num="51" type="stmt" count="4"/>
        <line num="52" type="stmt" count="3"/>
        <line num="56" type="stmt" count="1"/>
        <line num="59" type="method" name="set" visibility="public" complexity="1" crap="1" count="3"/>
        <line num="61" type="stmt" count="3"/>
        <line num="64" type="method" name="has" visibility="public" complexity="6" crap="6" count="17"/>
        <line num="67" type="stmt" count="17"/>
        <line num="68" type="stmt" count="12"/>
        <line num="69" type="stmt" count="10"/>
        <line num="70" type="stmt" count="17"/>
        <line num="71" type="stmt" count="12"/>
        <line num="75" type="stmt" count="9"/>
        <line num="76" type="stmt" count="9"/>
        <line num="83" type="method" name="createObject" visibility="protected" complexity="4" crap="4" count="12"/>
        <line num="87" type="stmt" count="12"/>
        <line num="88" type="stmt" count="12"/>
        <line num="92" type="stmt" count="1"/>
        <line num="94" type="stmt" count="7"/>
        <line num="97" type="stmt" count="7"/>
        <line num="98" type="stmt" count="6"/>
        <line num="102" type="stmt" count="1"/>
        <line num="111" type="method" name="getStorageValue" visibility="protected" complexity="6" crap="6" count="9"/>
        <line num="115" type="stmt" count="9"/>
        <line num="116" type="stmt" count="4"/>
        <line num="120" type="stmt" count="6"/>
        <line num="121" type="stmt" count="4"/>
        <line num="125" type="stmt" count="3"/>
        <line num="127" type="stmt" count="6"/>
        <line num="130" type="stmt" count="6"/>
        <line num="131" type="stmt" count="5"/>
        <line num="135" type="stmt" count="1"/>
        <line num="142" type="method" name="getParameters" visibility="public" complexity="4" crap="4" count="12"/>
        <line num="145" type="stmt" count="12"/>
        <line num="148" type="stmt" count="12"/>
        <line num="151" type="stmt" count="12"/>
        <line num="152" type="stmt" count="4"/>
        <line num="156" type="stmt" count="9"/>
        <line num="159" type="stmt" count="8"/>
        <line num="167" type="method" name="getParameterValue" visibility="protected" complexity="7" crap="7" count="9"/>
        <line num="172" type="stmt" count="9"/>
        <line num="173" type="stmt" count="5"/>
        <line num="177" type="stmt" count="7"/>
        <line num="178" type="stmt" count="1"/>
        <line num="182" type="stmt" count="6"/>
        <line num="183" type="stmt" count="2"/>
        <line num="187" type="stmt" count="6"/>
        <line num="188" type="stmt" count="2"/>
        <line num="189" type="stmt" count="1"/>
        <line num="191" type="stmt" count="1"/>
        <line num="195" type="stmt" count="4"/>
        <line num="196" type="stmt" count="3"/>
        <line num="200" type="stmt" count="1"/>
        <line num="206" type="method" name="getStorageParameters" visibility="protected" complexity="4" crap="4" count="12"/>
        <line num="209" type="stmt" count="12"/>
        <line num="210" type="stmt" count="1"/>
        <line num="214" type="stmt" count="11"/>
        <line num="215" type="stmt" count="3"/>
        <line num="219" type="stmt" count="8"/>
        <line num="225" type="method" name="getNotBuiltinReflectionNamedType" visibility="protected" complexity="7" crap="7" count="9"/>
        <line num="228" type="stmt" count="9"/>
        <line num="229" type="stmt" count="1"/>
        <line num="233" type="stmt" count="8"/>
        <line num="234" type="stmt" count="8"/>
        <line num="235" type="stmt" count="4"/>
        <line num="239" type="stmt" count="8"/>
        <line num="240" type="stmt" count="8"/>
        <line num="244" type="stmt" count="3"/>
        <line num="250" type="method" name="getNamedTypeFromReflectionGroup" visibility="protected" complexity="6" crap="6" count="4"/>
        <line num="255" type="stmt" count="4"/>
        <line num="258" type="stmt" count="4"/>
        <line num="259" type="stmt" count="3"/>
        <line num="263" type="stmt" count="4"/>
        <line num="264" type="stmt" count="1"/>
        <line num="269" type="stmt" count="3"/>
        <line num="276" type="method" name="getDefaultParameterValue" visibility="protected" complexity="3" crap="3" count="5"/>
        <line num="279" type="stmt" count="5"/>
        <line num="280" type="stmt" count="1"/>
        <line num="284" type="stmt" count="5"/>
        <line num="285" type="stmt" count="4"/>
        <line num="289" type="stmt" count="1"/>
        <line num="292" type="method" name="getStorageKeyFromReflectionNamedType" visibility="protected" complexity="4" crap="4" count="7"/>
        <line num="295" type="stmt" count="7"/>
        <line num="296" type="stmt" count="1"/>
        <line num="300" type="stmt" count="7"/>
        <line num="301" type="stmt" count="7"/>
        <line num="302" type="stmt" count="1"/>
        <line num="306" type="stmt" count="6"/>
        <metrics loc="309" ncloc="234" classes="1" methods="13" coveredmethods="13" conditionals="0" coveredconditionals="0" statements="87" coveredstatements="87" elements="100" coveredelements="100"/>
      </file>
      <file name="C:\var\vulpes\container\src\ContainerException.php">
        <class name="Container\ContainerException" namespace="Container">
          <metrics complexity="7" methods="2" coveredmethods="2" conditionals="0" coveredconditionals="0" statements="9" coveredstatements="9" elements="11" coveredelements="11"/>
        </class>
        <line num="21" type="method" name="__construct" visibility="public" complexity="1" crap="1" count="6"/>
        <line num="23" type="stmt" count="6"/>
        <line num="24" type="stmt" count="6"/>
        <line num="27" type="method" name="suffix" visibility="private" complexity="6" crap="6" count="6"/>
        <line num="29" type="stmt" count="6"/>
        <line num="30" type="stmt" count="1"/>
        <line num="31" type="stmt" count="1"/>
        <line num="32" type="stmt" count="1"/>
        <line num="33" type="stmt" count="1"/>
        <line num="34" type="stmt" count="6"/>
        <line num="35" type="stmt" count="6"/>
        <metrics loc="38" ncloc="38" classes="1" methods="2" coveredmethods="2" conditionals="0" coveredconditionals="0" statements="9" coveredstatements="9" elements="11" coveredelements="11"/>
      </file>
      <file name="C:\var\vulpes\container\src\NotFoundException.php">
        <class name="Container\NotFoundException" namespace="Container">
          <metrics complexity="1" methods="1" coveredmethods="1" conditionals="0" coveredconditionals="0" statements="1" coveredstatements="1" elements="2" coveredelements="2"/>
        </class>
        <line num="16" type="method" name="__construct" visibility="public" complexity="1" crap="1" count="7"/>
        <line num="18" type="stmt" count="7"/>
        <metrics loc="21" ncloc="21" classes="1" methods="1" coveredmethods="1" conditionals="0" coveredconditionals="0" statements="1" coveredstatements="1" elements="2" coveredelements="2"/>
      </file>
    </package>
    <metrics files="3" loc="368" ncloc="293" classes="3" methods="16" coveredmethods="16" conditionals="0" coveredconditionals="0" statements="97" coveredstatements="97" elements="113" coveredelements="113"/>
  </project>
</coverage>
