<?xml version="1.0" encoding="UTF-8"?>
<coverage generated="1744892802">
  <project timestamp="1744892802">
    <package name="Container">
      <file name="C:\var\vulpes\container\src\Container.php">
        <class name="Container\Container" namespace="Container">
          <metrics complexity="69" methods="13" coveredmethods="1" conditionals="0" coveredconditionals="0" statements="96" coveredstatements="28" elements="109" coveredelements="29"/>
        </class>
        <line num="19" type="method" name="__construct" visibility="public" complexity="1" crap="1" count="1"/>
        <line num="21" type="stmt" count="1"/>
        <line num="23" type="method" name="get" visibility="public" complexity="9" crap="27.88" count="1"/>
        <line num="26" type="stmt" count="1"/>
        <line num="27" type="stmt" count="0"/>
        <line num="31" type="stmt" count="1"/>
        <line num="32" type="stmt" count="0"/>
        <line num="36" type="stmt" count="1"/>
        <line num="37" type="stmt" count="0"/>
        <line num="41" type="stmt" count="1"/>
        <line num="42" type="stmt" count="1"/>
        <line num="46" type="stmt" count="0"/>
        <line num="47" type="stmt" count="0"/>
        <line num="51" type="stmt" count="0"/>
        <line num="52" type="stmt" count="0"/>
        <line num="56" type="stmt" count="0"/>
        <line num="59" type="method" name="set" visibility="public" complexity="1" crap="2" count="0"/>
        <line num="61" type="stmt" count="0"/>
        <line num="64" type="method" name="has" visibility="public" complexity="6" crap="42" count="0"/>
        <line num="67" type="stmt" count="0"/>
        <line num="68" type="stmt" count="0"/>
        <line num="69" type="stmt" count="0"/>
        <line num="70" type="stmt" count="0"/>
        <line num="71" type="stmt" count="0"/>
        <line num="75" type="stmt" count="0"/>
        <line num="76" type="stmt" count="0"/>
        <line num="83" type="method" name="createObject" visibility="protected" complexity="4" crap="4.37" count="1"/>
        <line num="87" type="stmt" count="1"/>
        <line num="88" type="stmt" count="1"/>
        <line num="92" type="stmt" count="0"/>
        <line num="94" type="stmt" count="1"/>
        <line num="97" type="stmt" count="1"/>
        <line num="98" type="stmt" count="1"/>
        <line num="102" type="stmt" count="0"/>
        <line num="111" type="method" name="getStorageValue" visibility="protected" complexity="6" crap="42" count="0"/>
        <line num="115" type="stmt" count="0"/>
        <line num="116" type="stmt" count="0"/>
        <line num="120" type="stmt" count="0"/>
        <line num="121" type="stmt" count="0"/>
        <line num="125" type="stmt" count="0"/>
        <line num="127" type="stmt" count="0"/>
        <line num="130" type="stmt" count="0"/>
        <line num="131" type="stmt" count="0"/>
        <line num="135" type="stmt" count="0"/>
        <line num="142" type="method" name="getParameters" visibility="public" complexity="4" crap="4.59" count="1"/>
        <line num="145" type="stmt" count="1"/>
        <line num="148" type="stmt" count="1"/>
        <line num="151" type="stmt" count="1"/>
        <line num="152" type="stmt" count="0"/>
        <line num="156" type="stmt" count="1"/>
        <line num="159" type="stmt" count="0"/>
        <line num="167" type="method" name="getParameterValue" visibility="protected" complexity="7" crap="36.69" count="1"/>
        <line num="172" type="stmt" count="1"/>
        <line num="173" type="stmt" count="1"/>
        <line num="177" type="stmt" count="0"/>
        <line num="178" type="stmt" count="0"/>
        <line num="182" type="stmt" count="0"/>
        <line num="183" type="stmt" count="0"/>
        <line num="187" type="stmt" count="0"/>
        <line num="188" type="stmt" count="0"/>
        <line num="189" type="stmt" count="0"/>
        <line num="191" type="stmt" count="0"/>
        <line num="195" type="stmt" count="0"/>
        <line num="196" type="stmt" count="0"/>
        <line num="200" type="stmt" count="0"/>
        <line num="206" type="method" name="getStorageParameters" visibility="protected" complexity="4" crap="5.02" count="1"/>
        <line num="209" type="stmt" count="1"/>
        <line num="210" type="stmt" count="0"/>
        <line num="214" type="stmt" count="1"/>
        <line num="215" type="stmt" count="0"/>
        <line num="219" type="stmt" count="1"/>
        <line num="225" type="method" name="getNotBuiltinReflectionNamedType" visibility="protected" complexity="7" crap="9.58" count="1"/>
        <line num="228" type="stmt" count="1"/>
        <line num="229" type="stmt" count="0"/>
        <line num="233" type="stmt" count="1"/>
        <line num="234" type="stmt" count="1"/>
        <line num="235" type="stmt" count="0"/>
        <line num="239" type="stmt" count="1"/>
        <line num="240" type="stmt" count="1"/>
        <line num="244" type="stmt" count="0"/>
        <line num="250" type="method" name="getNamedTypeFromReflectionGroup" visibility="protected" complexity="6" crap="42" count="0"/>
        <line num="255" type="stmt" count="0"/>
        <line num="258" type="stmt" count="0"/>
        <line num="259" type="stmt" count="0"/>
        <line num="263" type="stmt" count="0"/>
        <line num="264" type="stmt" count="0"/>
        <line num="269" type="stmt" count="0"/>
        <line num="276" type="method" name="getDefaultParameterValue" visibility="protected" complexity="3" crap="3.58" count="1"/>
        <line num="279" type="stmt" count="1"/>
        <line num="280" type="stmt" count="0"/>
        <line num="284" type="stmt" count="1"/>
        <line num="285" type="stmt" count="0"/>
        <line num="289" type="stmt" count="1"/>
        <line num="292" type="method" name="getStorageKeyFromReflectionNamedType" visibility="protected" complexity="11" crap="132" count="0"/>
        <line num="297" type="stmt" count="0"/>
        <line num="298" type="stmt" count="0"/>
        <line num="302" type="stmt" count="0"/>
        <line num="303" type="stmt" count="0"/>
        <line num="307" type="stmt" count="0"/>
        <line num="308" type="stmt" count="0"/>
        <line num="312" type="stmt" count="0"/>
        <line num="313" type="stmt" count="0"/>
        <line num="317" type="stmt" count="0"/>
        <line num="318" type="stmt" count="0"/>
        <line num="322" type="stmt" count="0"/>
        <line num="323" type="stmt" count="0"/>
        <line num="327" type="stmt" count="0"/>
        <line num="328" type="stmt" count="0"/>
        <line num="332" type="stmt" count="0"/>
        <metrics loc="335" ncloc="255" classes="1" methods="13" coveredmethods="1" conditionals="0" coveredconditionals="0" statements="96" coveredstatements="28" elements="109" coveredelements="29"/>
      </file>
      <file name="C:\var\vulpes\container\src\ContainerException.php">
        <class name="Container\ContainerException" namespace="Container">
          <metrics complexity="7" methods="2" coveredmethods="0" conditionals="0" coveredconditionals="0" statements="9" coveredstatements="0" elements="11" coveredelements="0"/>
        </class>
        <line num="21" type="method" name="__construct" visibility="public" complexity="1" crap="2" count="0"/>
        <line num="23" type="stmt" count="0"/>
        <line num="24" type="stmt" count="0"/>
        <line num="27" type="method" name="suffix" visibility="private" complexity="6" crap="42" count="0"/>
        <line num="29" type="stmt" count="0"/>
        <line num="30" type="stmt" count="0"/>
        <line num="31" type="stmt" count="0"/>
        <line num="32" type="stmt" count="0"/>
        <line num="33" type="stmt" count="0"/>
        <line num="34" type="stmt" count="0"/>
        <line num="35" type="stmt" count="0"/>
        <metrics loc="38" ncloc="38" classes="1" methods="2" coveredmethods="0" conditionals="0" coveredconditionals="0" statements="9" coveredstatements="0" elements="11" coveredelements="0"/>
      </file>
      <file name="C:\var\vulpes\container\src\NotFoundException.php">
        <class name="Container\NotFoundException" namespace="Container">
          <metrics complexity="1" methods="1" coveredmethods="1" conditionals="0" coveredconditionals="0" statements="1" coveredstatements="1" elements="2" coveredelements="2"/>
        </class>
        <line num="16" type="method" name="__construct" visibility="public" complexity="1" crap="1" count="1"/>
        <line num="18" type="stmt" count="1"/>
        <metrics loc="21" ncloc="21" classes="1" methods="1" coveredmethods="1" conditionals="0" coveredconditionals="0" statements="1" coveredstatements="1" elements="2" coveredelements="2"/>
      </file>
    </package>
    <metrics files="3" loc="394" ncloc="314" classes="3" methods="16" coveredmethods="2" conditionals="0" coveredconditionals="0" statements="106" coveredstatements="29" elements="122" coveredelements="31"/>
  </project>
</coverage>
